<?xml version="1.0" encoding="UTF-8"?>
<testsuite xmlns:xsi="http://www.w3.org/2001/XMLSchema-instance" xsi:noNamespaceSchemaLocation="https://maven.apache.org/surefire/maven-surefire-plugin/xsd/surefire-test-report-3.0.xsd" version="3.0" name="name.heavycarbon.jpl.callprolog.ConnectTest" time="0.124" tests="1" errors="1" skipped="0" failures="0">
  <properties>
    <property name="java.specification.version" value="14"/>
    <property name="sun.jnu.encoding" value="UTF-8"/>
    <property name="java.class.path" value="/home/calvin/Development/_WORK_ON_PROLOG/github/prolog_notes/calling_from_java/callprolog/target/test-classes:/home/calvin/Development/_WORK_ON_PROLOG/github/prolog_notes/calling_from_java/callprolog/target/classes:/home/calvin/.m2/repository/org/junit/jupiter/junit-jupiter-engine/5.7.0/junit-jupiter-engine-5.7.0.jar:/home/calvin/.m2/repository/org/apiguardian/apiguardian-api/1.1.0/apiguardian-api-1.1.0.jar:/home/calvin/.m2/repository/org/junit/platform/junit-platform-engine/1.7.0/junit-platform-engine-1.7.0.jar:/home/calvin/.m2/repository/org/opentest4j/opentest4j/1.2.0/opentest4j-1.2.0.jar:/home/calvin/.m2/repository/org/junit/platform/junit-platform-commons/1.7.0/junit-platform-commons-1.7.0.jar:/home/calvin/.m2/repository/org/junit/jupiter/junit-jupiter-api/5.7.0/junit-jupiter-api-5.7.0.jar:/home/calvin/.m2/repository/org/junit/vintage/junit-vintage-engine/5.7.0/junit-vintage-engine-5.7.0.jar:/home/calvin/.m2/repository/junit/junit/4.13/junit-4.13.jar:/home/calvin/.m2/repository/org/hamcrest/hamcrest-core/1.3/hamcrest-core-1.3.jar:/home/calvin/.m2/repository/org/slf4j/slf4j-api/2.0.0-alpha1/slf4j-api-2.0.0-alpha1.jar:/home/calvin/.m2/repository/org/hamcrest/hamcrest-all/1.3/hamcrest-all-1.3.jar:/home/calvin/.m2/repository/ch/qos/logback/logback-classic/1.3.0-alpha5/logback-classic-1.3.0-alpha5.jar:/home/calvin/.m2/repository/ch/qos/logback/logback-core/1.3.0-alpha5/logback-core-1.3.0-alpha5.jar:/home/calvin/.m2/repository/com/sun/mail/javax.mail/1.6.2/javax.mail-1.6.2.jar:/home/calvin/.m2/repository/javax/activation/activation/1.1/activation-1.1.jar:/home/calvin/.m2/repository/edu/washington/cs/types/checker/checker-framework/1.7.0/checker-framework-1.7.0.jar:/home/calvin/.m2/repository/org/junit/platform/junit-platform-console-standalone/1.7.0/junit-platform-console-standalone-1.7.0.jar:/usr/local/logic/swiplexe_8.3.7/lib/swipl/lib/jpl.jar:"/>
    <property name="java.vm.vendor" value="AdoptOpenJDK"/>
    <property name="sun.arch.data.model" value="64"/>
    <property name="java.vendor.url" value="https://adoptopenjdk.net/"/>
    <property name="user.timezone" value="Europe/Luxembourg"/>
    <property name="os.name" value="Linux"/>
    <property name="java.vm.specification.version" value="14"/>
    <property name="sun.java.launcher" value="SUN_STANDARD"/>
    <property name="user.country" value="GB"/>
    <property name="sun.boot.library.path" value="/usr/local/java/infrastructure/jdk-adopt-openjdk/jdk-14.0.1+7/lib"/>
    <property name="sun.java.command" value="/home/calvin/Development/_WORK_ON_PROLOG/github/prolog_notes/calling_from_java/callprolog/target/surefire/surefirebooter15509602606120660058.jar /home/calvin/Development/_WORK_ON_PROLOG/github/prolog_notes/calling_from_java/callprolog/target/surefire 2020-09-25T23-48-44_012-jvmRun1 surefire5528102356494853823tmp surefire_011045442253729681172tmp"/>
    <property name="jdk.debug" value="release"/>
    <property name="surefire.test.class.path" value="/home/calvin/Development/_WORK_ON_PROLOG/github/prolog_notes/calling_from_java/callprolog/target/test-classes:/home/calvin/Development/_WORK_ON_PROLOG/github/prolog_notes/calling_from_java/callprolog/target/classes:/home/calvin/.m2/repository/org/junit/jupiter/junit-jupiter-engine/5.7.0/junit-jupiter-engine-5.7.0.jar:/home/calvin/.m2/repository/org/apiguardian/apiguardian-api/1.1.0/apiguardian-api-1.1.0.jar:/home/calvin/.m2/repository/org/junit/platform/junit-platform-engine/1.7.0/junit-platform-engine-1.7.0.jar:/home/calvin/.m2/repository/org/opentest4j/opentest4j/1.2.0/opentest4j-1.2.0.jar:/home/calvin/.m2/repository/org/junit/platform/junit-platform-commons/1.7.0/junit-platform-commons-1.7.0.jar:/home/calvin/.m2/repository/org/junit/jupiter/junit-jupiter-api/5.7.0/junit-jupiter-api-5.7.0.jar:/home/calvin/.m2/repository/org/junit/vintage/junit-vintage-engine/5.7.0/junit-vintage-engine-5.7.0.jar:/home/calvin/.m2/repository/junit/junit/4.13/junit-4.13.jar:/home/calvin/.m2/repository/org/hamcrest/hamcrest-core/1.3/hamcrest-core-1.3.jar:/home/calvin/.m2/repository/org/slf4j/slf4j-api/2.0.0-alpha1/slf4j-api-2.0.0-alpha1.jar:/home/calvin/.m2/repository/org/hamcrest/hamcrest-all/1.3/hamcrest-all-1.3.jar:/home/calvin/.m2/repository/ch/qos/logback/logback-classic/1.3.0-alpha5/logback-classic-1.3.0-alpha5.jar:/home/calvin/.m2/repository/ch/qos/logback/logback-core/1.3.0-alpha5/logback-core-1.3.0-alpha5.jar:/home/calvin/.m2/repository/com/sun/mail/javax.mail/1.6.2/javax.mail-1.6.2.jar:/home/calvin/.m2/repository/javax/activation/activation/1.1/activation-1.1.jar:/home/calvin/.m2/repository/edu/washington/cs/types/checker/checker-framework/1.7.0/checker-framework-1.7.0.jar:/home/calvin/.m2/repository/org/junit/platform/junit-platform-console-standalone/1.7.0/junit-platform-console-standalone-1.7.0.jar:/usr/local/logic/swiplexe_8.3.7/lib/swipl/lib/jpl.jar:"/>
    <property name="sun.cpu.endian" value="little"/>
    <property name="user.home" value="/home/calvin"/>
    <property name="user.language" value="en"/>
    <property name="java.specification.vendor" value="Oracle Corporation"/>
    <property name="java.version.date" value="2020-04-14"/>
    <property name="java.home" value="/usr/local/java/infrastructure/jdk-adopt-openjdk/jdk-14.0.1+7"/>
    <property name="file.separator" value="/"/>
    <property name="basedir" value="/home/calvin/Development/_WORK_ON_PROLOG/github/prolog_notes/calling_from_java/callprolog"/>
    <property name="java.vm.compressedOopsMode" value="Zero based"/>
    <property name="line.separator" value="&#10;"/>
    <property name="java.vm.specification.vendor" value="Oracle Corporation"/>
    <property name="java.specification.name" value="Java Platform API Specification"/>
    <property name="surefire.real.class.path" value="/home/calvin/Development/_WORK_ON_PROLOG/github/prolog_notes/calling_from_java/callprolog/target/surefire/surefirebooter15509602606120660058.jar"/>
    <property name="sun.management.compiler" value="HotSpot 64-Bit Tiered Compilers"/>
    <property name="java.runtime.version" value="14.0.1+7"/>
    <property name="user.name" value="calvin"/>
    <property name="path.separator" value=":"/>
    <property name="os.version" value="5.6.13-100.fc30.x86_64"/>
    <property name="java.runtime.name" value="OpenJDK Runtime Environment"/>
    <property name="file.encoding" value="UTF-8"/>
    <property name="java.vm.name" value="OpenJDK 64-Bit Server VM"/>
    <property name="java.vendor.version" value="AdoptOpenJDK"/>
    <property name="localRepository" value="/home/calvin/.m2/repository"/>
    <property name="java.vendor.url.bug" value="https://github.com/AdoptOpenJDK/openjdk-support/issues"/>
    <property name="java.io.tmpdir" value="/tmp"/>
    <property name="java.version" value="14.0.1"/>
    <property name="user.dir" value="/home/calvin/Development/_WORK_ON_PROLOG/github/prolog_notes/calling_from_java/callprolog"/>
    <property name="os.arch" value="amd64"/>
    <property name="java.vm.specification.name" value="Java Virtual Machine Specification"/>
    <property name="java.library.path" value="/usr/java/packages/lib:/usr/lib64:/lib64:/lib:/usr/lib"/>
    <property name="java.vm.info" value="mixed mode, sharing"/>
    <property name="java.vendor" value="AdoptOpenJDK"/>
    <property name="java.vm.version" value="14.0.1+7"/>
    <property name="sun.io.unicode.encoding" value="UnicodeLittle"/>
    <property name="java.class.version" value="58.0"/>
  </properties>
  <testcase name="gettingSettingDefaultInitArgs" classname="name.heavycarbon.jpl.callprolog.ConnectTest" time="0.106">
    <error type="java.lang.UnsatisfiedLinkError"><![CDATA[java.lang.UnsatisfiedLinkError: no jpl in java.library.path: [/usr/java/packages/lib, /usr/lib64, /lib64, /lib, /usr/lib]
	at name.heavycarbon.jpl.callprolog.ConnectTest.gettingSettingDefaultInitArgs(ConnectTest.java:15)
]]></error>
  </testcase>
</testsuite>